# JRE version: OpenJDK Runtime Environment (8.0_112) (build 1.8.0_112-release-736)
# Java VM: OpenJDK Server VM (25.112-b736 mixed mode windows-x86 )
Heap:
 PSYoungGen      total 232704K, used 211844K [0x3bac0000, 0x4be40000, 0x51000000)
  eden space 217600K, 96% used [0x3bac0000,0x488262c0,0x48f40000)
  from space 15104K, 10% used [0x4a500000,0x4a67af60,0x4b3c0000)
  to   space 22272K, 0% used [0x48f40000,0x48f40000,0x4a500000)
 ParOldGen       total 77312K, used 41867K [0x11000000, 0x15b80000, 0x3bac0000)
  object space 77312K, 54% used [0x11000000,0x138e2c28,0x15b80000)
 Metaspace       used 43765K, capacity 44959K, committed 45056K, reserved 45440K
GC Heap History (10 events):
Event: 12.180 GC heap before
{Heap before GC invocations=11 (full 1):
 PSYoungGen      total 118528K, used 49657K [0x3bac0000, 0x46b80000, 0x51000000)
  eden space 109056K, 36% used [0x3bac0000,0x3e1ffc58,0x42540000)
  from space 9472K, 99% used [0x42540000,0x42e7e8b8,0x42e80000)
  to   space 11776K, 0% used [0x46000000,0x46000000,0x46b80000)
 ParOldGen       total 30720K, used 13301K [0x11000000, 0x12e00000, 0x3bac0000)
  object space 30720K, 43% used [0x11000000,0x11cfd540,0x12e00000)
 Metaspace       used 26832K, capacity 27288K, committed 27308K, reserved 28032K
Event: 12.189 GC heap after
Heap after GC invocations=11 (full 1):
 PSYoungGen      total 169472K, used 6425K [0x3bac0000, 0x47040000, 0x51000000)
  eden space 157696K, 0% used [0x3bac0000,0x3bac0000,0x454c0000)
  from space 11776K, 54% used [0x46000000,0x466464d0,0x46b80000)
  to   space 11520K, 0% used [0x454c0000,0x454c0000,0x46000000)
 ParOldGen       total 30720K, used 16374K [0x11000000, 0x12e00000, 0x3bac0000)
  object space 30720K, 53% used [0x11000000,0x11ffd9c0,0x12e00000)
 Metaspace       used 26832K, capacity 27288K, committed 27308K, reserved 28032K
}
Event: 12.189 GC heap before
{Heap before GC invocations=12 (full 2):
 PSYoungGen      total 169472K, used 6425K [0x3bac0000, 0x47040000, 0x51000000)
  eden space 157696K, 0% used [0x3bac0000,0x3bac0000,0x454c0000)
  from space 11776K, 54% used [0x46000000,0x466464d0,0x46b80000)
  to   space 11520K, 0% used [0x454c0000,0x454c0000,0x46000000)
 ParOldGen       total 30720K, used 16374K [0x11000000, 0x12e00000, 0x3bac0000)
  object space 30720K, 53% used [0x11000000,0x11ffd9c0,0x12e00000)
 Metaspace       used 26832K, capacity 27288K, committed 27308K, reserved 28032K
Event: 12.242 GC heap after
Heap after GC invocations=12 (full 2):
 PSYoungGen      total 169472K, used 0K [0x3bac0000, 0x47040000, 0x51000000)
  eden space 157696K, 0% used [0x3bac0000,0x3bac0000,0x454c0000)
  from space 11776K, 0% used [0x46000000,0x46000000,0x46b80000)
  to   space 11520K, 0% used [0x454c0000,0x454c0000,0x46000000)
 ParOldGen       total 41984K, used 16961K [0x11000000, 0x13900000, 0x3bac0000)
  object space 41984K, 40% used [0x11000000,0x12090480,0x13900000)
 Metaspace       used 26815K, capacity 27248K, committed 27308K, reserved 28032K
}
Event: 15.741 GC heap before
{Heap before GC invocations=13 (full 2):
 PSYoungGen      total 169472K, used 157696K [0x3bac0000, 0x47040000, 0x51000000)
  eden space 157696K, 100% used [0x3bac0000,0x454c0000,0x454c0000)
  from space 11776K, 0% used [0x46000000,0x46000000,0x46b80000)
  to   space 11520K, 0% used [0x454c0000,0x454c0000,0x46000000)
 ParOldGen       total 41984K, used 16961K [0x11000000, 0x13900000, 0x3bac0000)
  object space 41984K, 40% used [0x11000000,0x12090480,0x13900000)
 Metaspace       used 35141K, capacity 36020K, committed 36096K, reserved 36224K
Event: 15.764 GC heap after
Heap after GC invocations=13 (full 2):
 PSYoungGen      total 169216K, used 11518K [0x3bac0000, 0x4b3c0000, 0x51000000)
  eden space 157696K, 0% used [0x3bac0000,0x3bac0000,0x454c0000)
  from space 11520K, 99% used [0x454c0000,0x45fff9e0,0x46000000)
  to   space 15104K, 0% used [0x4a500000,0x4a500000,0x4b3c0000)
 ParOldGen       total 41984K, used 22284K [0x11000000, 0x13900000, 0x3bac0000)
  object space 41984K, 53% used [0x11000000,0x125c3198,0x13900000)
 Metaspace       used 35141K, capacity 36020K, committed 36096K, reserved 36224K
}
Event: 23.371 GC heap before
{Heap before GC invocations=14 (full 2):
 PSYoungGen      total 169216K, used 169214K [0x3bac0000, 0x4b3c0000, 0x51000000)
  eden space 157696K, 100% used [0x3bac0000,0x454c0000,0x454c0000)
  from space 11520K, 99% used [0x454c0000,0x45fff9e0,0x46000000)
  to   space 15104K, 0% used [0x4a500000,0x4a500000,0x4b3c0000)
 ParOldGen       total 41984K, used 22284K [0x11000000, 0x13900000, 0x3bac0000)
  object space 41984K, 53% used [0x11000000,0x125c3198,0x13900000)
 Metaspace       used 37564K, capacity 38550K, committed 38656K, reserved 39296K
Event: 23.420 GC heap after
Heap after GC invocations=14 (full 2):
 PSYoungGen      total 232704K, used 15090K [0x3bac0000, 0x4be40000, 0x51000000)
  eden space 217600K, 0% used [0x3bac0000,0x3bac0000,0x48f40000)
  from space 15104K, 99% used [0x4a500000,0x4b3bc8a0,0x4b3c0000)
  to   space 22272K, 0% used [0x48f40000,0x48f40000,0x4a500000)
 ParOldGen       total 41984K, used 35696K [0x11000000, 0x13900000, 0x3bac0000)
  object space 41984K, 85% used [0x11000000,0x132dc028,0x13900000)
 Metaspace       used 37564K, capacity 38550K, committed 38656K, reserved 39296K
}
Event: 23.420 GC heap before
{Heap before GC invocations=15 (full 3):
 PSYoungGen      total 232704K, used 15090K [0x3bac0000, 0x4be40000, 0x51000000)
  eden space 217600K, 0% used [0x3bac0000,0x3bac0000,0x48f40000)
  from space 15104K, 99% used [0x4a500000,0x4b3bc8a0,0x4b3c0000)
  to   space 22272K, 0% used [0x48f40000,0x48f40000,0x4a500000)
 ParOldGen       total 41984K, used 35696K [0x11000000, 0x13900000, 0x3bac0000)
  object space 41984K, 85% used [0x11000000,0x132dc028,0x13900000)
 Metaspace       used 37564K, capacity 38550K, committed 38656K, reserved 39296K
Event: 23.646 GC heap after
Heap after GC invocations=15 (full 3):
 PSYoungGen      total 232704K, used 1515K [0x3bac0000, 0x4be40000, 0x51000000)
  eden space 217600K, 0% used [0x3bac0000,0x3bac0000,0x48f40000)
  from space 15104K, 10% used [0x4a500000,0x4a67af60,0x4b3c0000)
  to   space 22272K, 0% used [0x48f40000,0x48f40000,0x4a500000)
 ParOldGen       total 77312K, used 41867K [0x11000000, 0x15b80000, 0x3bac0000)
  object space 77312K, 54% used [0x11000000,0x138e2c28,0x15b80000)
 Metaspace       used 37564K, capacity 38550K, committed 38656K, reserved 39296K
}

